[INFO ] 09-06-2023 12:23:17 [main] createSlide_page - Login Successful
[INFO ] 09-06-2023 12:23:17 [main] createSlide_page - Wait For Loading Page Successful
[INFO ] 09-06-2023 12:23:18 [main] createSlide_page - Click button create Slide Successful
[INFO ] 09-06-2023 12:23:18 [main] createSlide_page - Search Slide Successful
[INFO ] 09-06-2023 12:23:19 [main] createSlide_page - Select this template Successful
[INFO ] 09-06-2023 12:23:19 [main] createSlide_page - Enter title Slide Successful
[INFO ] 09-06-2023 12:23:20 [main] createSlide_page - Click button Create Slide Successful
[INFO ] 09-06-2023 12:23:32 [main] createSlide_page - Click button of successful item
[INFO ] 09-06-2023 12:23:32 [main] createSlide_page - Drag image of successful item
[INFO ] 09-06-2023 12:23:32 [main] createSlide_page - Add image of successful item
[INFO ] 09-06-2023 12:23:32 [main] createSlide_page - Update Item Successful
[INFO ] 09-06-2023 12:23:33 [main] createSlide_page - Add title of successful item
[INFO ] 09-06-2023 12:23:33 [main] createSlide_page - Add summary of successful item 
[INFO ] 09-06-2023 12:26:17 [main] createSlide_page - Login Successful
[INFO ] 09-06-2023 12:26:17 [main] createSlide_page - Wait For Loading Page Successful
[INFO ] 09-06-2023 12:26:18 [main] createSlide_page - Click button create Slide Successful
[INFO ] 09-06-2023 12:26:18 [main] createSlide_page - Search Slide Successful
[INFO ] 09-06-2023 12:26:26 [main] createSlide_page - Select this template Successful
[INFO ] 09-06-2023 12:26:26 [main] createSlide_page - Enter title Slide Successful
[INFO ] 09-06-2023 12:26:26 [main] createSlide_page - Click button Create Slide Successful
[INFO ] 09-06-2023 12:26:38 [main] createSlide_page - Click button of successful item
[INFO ] 09-06-2023 12:26:38 [main] createSlide_page - Drag image of successful item
[INFO ] 09-06-2023 12:26:39 [main] createSlide_page - Add image of successful item
[INFO ] 09-06-2023 12:26:39 [main] createSlide_page - Update Item Successful
[INFO ] 09-06-2023 12:26:39 [main] createSlide_page - Add title of successful item
[INFO ] 09-06-2023 12:26:39 [main] createSlide_page - Add summary of successful item 
[INFO ] 09-06-2023 12:26:49 [main] createSlide_page - Click button of successful item
[INFO ] 09-06-2023 12:26:49 [main] createSlide_page - Drag image of successful item
[INFO ] 09-06-2023 12:26:50 [main] createSlide_page - Add image of successful item
[INFO ] 09-06-2023 12:26:50 [main] createSlide_page - Update Item Successful
[INFO ] 09-06-2023 12:26:50 [main] createSlide_page - Add title of successful item
[INFO ] 09-06-2023 12:26:50 [main] createSlide_page - Add summary of successful item 
[INFO ] 09-06-2023 12:44:07 [main] createSlide_page - Login Successful
[INFO ] 09-06-2023 12:44:07 [main] createSlide_page - Wait For Loading Page Successful
[INFO ] 09-06-2023 12:44:07 [main] createSlide_page - Click button create Slide Successful
[INFO ] 09-06-2023 12:44:07 [main] createSlide_page - Search Slide Successful
[INFO ] 09-06-2023 12:44:08 [main] createSlide_page - Select this template Successful
[INFO ] 09-06-2023 12:44:08 [main] createSlide_page - Enter title Slide Successful
[INFO ] 09-06-2023 12:44:08 [main] createSlide_page - Click button Create Slide Successful
[INFO ] 09-06-2023 12:44:20 [main] createSlide_page - Click button of successful item
[INFO ] 09-06-2023 12:44:20 [main] createSlide_page - Drag image of successful item
[INFO ] 09-06-2023 12:44:20 [main] createSlide_page - Add image of successful item
[INFO ] 09-06-2023 12:44:21 [main] createSlide_page - Update Item Successful
[INFO ] 09-06-2023 12:44:21 [main] createSlide_page - Add title of successful item
[INFO ] 09-06-2023 12:44:21 [main] createSlide_page - Add summary of successful item 
[INFO ] 09-06-2023 12:44:31 [main] createSlide_page - Click button of successful item
[INFO ] 09-06-2023 12:44:31 [main] createSlide_page - Drag image of successful item
[INFO ] 09-06-2023 12:44:31 [main] createSlide_page - Add image of successful item
[INFO ] 09-06-2023 12:44:32 [main] createSlide_page - Update Item Successful
[INFO ] 09-06-2023 12:44:32 [main] createSlide_page - Add title of successful item
[INFO ] 09-06-2023 12:44:32 [main] createSlide_page - Add summary of successful item 
[INFO ] 09-06-2023 14:10:18 [main] createSlide_page - Login Successful
[INFO ] 09-06-2023 14:10:18 [main] createSlide_page - Wait For Loading Page Successful
[INFO ] 09-06-2023 14:10:18 [main] createSlide_page - Click button create Slide Successful
[INFO ] 09-06-2023 14:10:18 [main] createSlide_page - Search Slide Successful
[INFO ] 09-06-2023 14:10:19 [main] createSlide_page - Select this template Successful
[INFO ] 09-06-2023 14:10:19 [main] createSlide_page - Enter title Slide Successful
[INFO ] 09-06-2023 14:10:19 [main] createSlide_page - Click button Create Slide Successful
[INFO ] 09-06-2023 14:10:31 [main] createSlide_page - Click button of successful item
[INFO ] 09-06-2023 14:10:31 [main] createSlide_page - Drag image of successful item
[INFO ] 09-06-2023 14:10:31 [main] createSlide_page - Add image of successful item
[INFO ] 09-06-2023 14:10:31 [main] createSlide_page - Update Item Successful
[INFO ] 09-06-2023 14:10:31 [main] createSlide_page - Add title of successful item
[INFO ] 09-06-2023 14:10:31 [main] createSlide_page - Add summary of successful item 
[INFO ] 09-06-2023 14:12:34 [main] createSlide_page - Login Successful
[INFO ] 09-06-2023 14:12:35 [main] createSlide_page - Wait For Loading Page Successful
[INFO ] 09-06-2023 14:12:35 [main] createSlide_page - Click button create Slide Successful
[INFO ] 09-06-2023 14:12:35 [main] createSlide_page - Search Slide Successful
[INFO ] 09-06-2023 14:12:44 [main] createSlide_page - Select this template Successful
[INFO ] 09-06-2023 14:12:44 [main] createSlide_page - Enter title Slide Successful
[INFO ] 09-06-2023 14:12:44 [main] createSlide_page - Click button Create Slide Successful
[INFO ] 09-06-2023 14:12:52 [main] createSlide_page - Click button of successful item
[INFO ] 09-06-2023 14:12:52 [main] createSlide_page - Drag image of successful item
[INFO ] 09-06-2023 14:12:52 [main] createSlide_page - Add image of successful item
[INFO ] 09-06-2023 14:12:53 [main] createSlide_page - Update Item Successful
[INFO ] 09-06-2023 14:12:53 [main] createSlide_page - Add title of successful item
[INFO ] 09-06-2023 14:12:53 [main] createSlide_page - Add summary of successful item 
[INFO ] 09-06-2023 14:16:24 [main] createSlide_page - Login Successful
[INFO ] 09-06-2023 14:16:24 [main] createSlide_page - Wait For Loading Page Successful
[INFO ] 09-06-2023 14:16:24 [main] createSlide_page - Click button create Slide Successful
[INFO ] 09-06-2023 14:16:24 [main] createSlide_page - Search Slide Successful
[INFO ] 09-06-2023 14:16:25 [main] createSlide_page - Select this template Successful
[INFO ] 09-06-2023 14:16:25 [main] createSlide_page - Enter title Slide Successful
[INFO ] 09-06-2023 14:16:25 [main] createSlide_page - Click button Create Slide Successful
[INFO ] 09-06-2023 14:16:33 [main] createSlide_page - Click button of successful item
[INFO ] 09-06-2023 14:16:33 [main] createSlide_page - Drag image of successful item
[INFO ] 09-06-2023 14:16:33 [main] createSlide_page - Add image of successful item
[INFO ] 09-06-2023 14:16:34 [main] createSlide_page - Update Item Successful
[INFO ] 09-06-2023 14:16:34 [main] createSlide_page - Add title of successful item
[INFO ] 09-06-2023 14:16:34 [main] createSlide_page - Add summary of successful item 
[INFO ] 09-06-2023 14:18:40 [main] createSlide_page - Login Successful
[INFO ] 09-06-2023 14:18:40 [main] createSlide_page - Wait For Loading Page Successful
[INFO ] 09-06-2023 14:18:40 [main] createSlide_page - Click button create Slide Successful
[INFO ] 09-06-2023 14:18:40 [main] createSlide_page - Search Slide Successful
[INFO ] 09-06-2023 14:18:41 [main] createSlide_page - Select this template Successful
[INFO ] 09-06-2023 14:18:41 [main] createSlide_page - Enter title Slide Successful
[INFO ] 09-06-2023 14:18:41 [main] createSlide_page - Click button Create Slide Successful
[INFO ] 09-06-2023 14:18:50 [main] createSlide_page - Click button of successful item
[INFO ] 09-06-2023 14:18:50 [main] createSlide_page - Drag image of successful item
[INFO ] 09-06-2023 14:18:50 [main] createSlide_page - Add image of successful item
[INFO ] 09-06-2023 14:18:50 [main] createSlide_page - Update Item Successful
[INFO ] 09-06-2023 14:18:50 [main] createSlide_page - Add title of successful item
[INFO ] 09-06-2023 14:18:50 [main] createSlide_page - Add summary of successful item 
[INFO ] 09-06-2023 14:19:02 [main] createSlide_page - Click button of successful item
[INFO ] 09-06-2023 14:19:02 [main] createSlide_page - Drag image of successful item
[INFO ] 09-06-2023 14:19:02 [main] createSlide_page - Add image of successful item
[INFO ] 09-06-2023 14:19:02 [main] createSlide_page - Update Item Successful
[INFO ] 09-06-2023 14:19:02 [main] createSlide_page - Add title of successful item
[INFO ] 09-06-2023 14:19:02 [main] createSlide_page - Add summary of successful item 
[INFO ] 09-06-2023 14:19:09 [main] createSlide_page - Title item1 is : Mục testCases 1
[INFO ] 09-06-2023 14:19:09 [main] createSlide_page - Title item2 is : Mục testCases 2
[INFO ] 09-06-2023 14:23:51 [main] createSlide_page - Login Successful
[INFO ] 09-06-2023 14:23:51 [main] createSlide_page - Wait For Loading Page Successful
[INFO ] 09-06-2023 14:26:15 [main] createSlide_page - Login Successful
[INFO ] 09-06-2023 14:26:15 [main] createSlide_page - Wait For Loading Page Successful
[INFO ] 09-06-2023 14:26:16 [main] createSlide_page - Click button create Slide Successful
[INFO ] 09-06-2023 14:26:16 [main] createSlide_page - Search Slide Successful
[INFO ] 09-06-2023 14:26:23 [main] createSlide_page - Select this template Successful
[INFO ] 09-06-2023 14:26:24 [main] createSlide_page - Enter title Slide Successful
[INFO ] 09-06-2023 14:26:24 [main] createSlide_page - Click button Create Slide Successful
[INFO ] 09-06-2023 14:26:36 [main] createSlide_page - Click button of successful item
[INFO ] 09-06-2023 14:26:36 [main] createSlide_page - Drag image of successful item
[INFO ] 09-06-2023 14:26:36 [main] createSlide_page - Add image of successful item
[INFO ] 09-06-2023 14:26:36 [main] createSlide_page - Update Item Successful
[INFO ] 09-06-2023 14:26:36 [main] createSlide_page - Add title of successful item
[INFO ] 09-06-2023 14:26:36 [main] createSlide_page - Add summary of successful item 
[INFO ] 09-06-2023 14:26:48 [main] createSlide_page - Click button of successful item
[INFO ] 09-06-2023 14:26:48 [main] createSlide_page - Drag image of successful item
[INFO ] 09-06-2023 14:26:48 [main] createSlide_page - Add image of successful item
[INFO ] 09-06-2023 14:26:48 [main] createSlide_page - Update Item Successful
[INFO ] 09-06-2023 14:26:48 [main] createSlide_page - Add title of successful item
[INFO ] 09-06-2023 14:26:48 [main] createSlide_page - Add summary of successful item 
[INFO ] 09-06-2023 14:26:53 [main] createSlide_page - Title item1 is : Mục testCases 1
[INFO ] 09-06-2023 14:26:53 [main] createSlide_page - Title item2 is : Mục testCases 2
[INFO ] 09-06-2023 14:26:57 [main] createSlide_page - Title preview item1 is : Mục testCases 2
[INFO ] 09-06-2023 14:26:57 [main] createSlide_page - Title preview item2 is : Mục testCases 1
[INFO ] 09-06-2023 14:26:57 [main] createSlide_page - The two items are the same
[INFO ] 09-06-2023 14:26:57 [main] createSlide_page - The two items are the same
[INFO ] 09-06-2023 15:25:14 [main] createSlide_page - Login Successful
[INFO ] 09-06-2023 15:25:14 [main] createSlide_page - Wait For Loading Page Successful
[INFO ] 09-06-2023 15:27:31 [main] createSlide_page - Login Successful
[INFO ] 09-06-2023 15:27:31 [main] createSlide_page - Wait For Loading Page Successful
[INFO ] 09-06-2023 15:27:32 [main] createSlide_page - Click button create Slide Successful
[INFO ] 09-06-2023 15:27:32 [main] createSlide_page - Search Slide Successful
[INFO ] 09-06-2023 15:27:33 [main] createSlide_page - Select this template Successful
[INFO ] 09-06-2023 15:27:33 [main] createSlide_page - Enter title Slide Successful
[INFO ] 09-06-2023 15:27:33 [main] createSlide_page - Click button Create Slide Successful
[INFO ] 09-06-2023 15:27:41 [main] createSlide_page - Click button of successful item
[INFO ] 09-06-2023 15:27:41 [main] createSlide_page - Drag image of successful item
[INFO ] 09-06-2023 15:27:41 [main] createSlide_page - Add image of successful item
[INFO ] 09-06-2023 15:27:41 [main] createSlide_page - Update Item Successful
[INFO ] 09-06-2023 15:27:42 [main] createSlide_page - Add title of successful item
[INFO ] 09-06-2023 15:27:42 [main] createSlide_page - Add summary of successful item 
[INFO ] 09-06-2023 15:27:53 [main] createSlide_page - Click button of successful item
[INFO ] 09-06-2023 15:27:53 [main] createSlide_page - Drag image of successful item
[INFO ] 09-06-2023 15:27:53 [main] createSlide_page - Add image of successful item
[INFO ] 09-06-2023 15:27:53 [main] createSlide_page - Update Item Successful
[INFO ] 09-06-2023 15:27:53 [main] createSlide_page - Add title of successful item
[INFO ] 09-06-2023 15:27:54 [main] createSlide_page - Add summary of successful item 
[INFO ] 09-06-2023 15:27:58 [main] createSlide_page - Title item1 is : Mục testCases 1
[INFO ] 09-06-2023 15:27:58 [main] createSlide_page - Title item2 is : Mục testCases 2
[INFO ] 09-06-2023 15:28:02 [main] createSlide_page - Title preview item1 is : Mục testCases 2
[INFO ] 09-06-2023 15:28:02 [main] createSlide_page - Title preview item2 is : Mục testCases 1
[INFO ] 09-06-2023 15:28:02 [main] createSlide_page - The two items are the same
[INFO ] 09-06-2023 15:28:02 [main] createSlide_page - The two items are the same
[INFO ] 09-06-2023 15:28:54 [main] createSlide_page - Login Successful
[INFO ] 09-06-2023 15:28:54 [main] createSlide_page - Wait For Loading Page Successful
[INFO ] 09-06-2023 15:28:54 [main] createSlide_page - Click button create Slide Successful
[INFO ] 09-06-2023 15:28:54 [main] createSlide_page - Search Slide Successful
[INFO ] 09-06-2023 15:28:55 [main] createSlide_page - Select this template Successful
[INFO ] 09-06-2023 15:28:55 [main] createSlide_page - Enter title Slide Successful
[INFO ] 09-06-2023 15:28:55 [main] createSlide_page - Click button Create Slide Successful
[INFO ] 09-06-2023 15:29:04 [main] createSlide_page - Click button of successful item
[INFO ] 09-06-2023 15:29:05 [main] createSlide_page - Drag image of successful item
[INFO ] 09-06-2023 15:29:05 [main] createSlide_page - Add image of successful item
[INFO ] 09-06-2023 15:29:05 [main] createSlide_page - Update Item Successful
[INFO ] 09-06-2023 15:29:05 [main] createSlide_page - Add title of successful item
[INFO ] 09-06-2023 15:29:05 [main] createSlide_page - Add summary of successful item 
[INFO ] 09-06-2023 15:29:16 [main] createSlide_page - Click button of successful item
[INFO ] 09-06-2023 15:29:16 [main] createSlide_page - Drag image of successful item
[INFO ] 09-06-2023 15:29:17 [main] createSlide_page - Add image of successful item
[INFO ] 09-06-2023 15:29:17 [main] createSlide_page - Update Item Successful
[INFO ] 09-06-2023 15:29:17 [main] createSlide_page - Add title of successful item
[INFO ] 09-06-2023 15:29:17 [main] createSlide_page - Add summary of successful item 
[INFO ] 09-06-2023 15:29:23 [main] createSlide_page - Title item1 is : Mục testCases 1
[INFO ] 09-06-2023 15:29:23 [main] createSlide_page - Title item2 is : Mục testCases 2
[INFO ] 09-06-2023 15:29:27 [main] createSlide_page - Title preview item1 is : Mục testCases 2
[INFO ] 09-06-2023 15:29:27 [main] createSlide_page - Title preview item2 is : Mục testCases 1
[INFO ] 09-06-2023 15:29:27 [main] createSlide_page - The two items are the same
[INFO ] 09-06-2023 15:29:27 [main] createSlide_page - The two items are the same
[INFO ] 12-06-2023 09:31:52 [main] createSlide_page - Login Successful
[INFO ] 12-06-2023 09:31:52 [main] createSlide_page - Wait For Loading Page Successful
[INFO ] 12-06-2023 09:32:48 [main] createSlide_page - Login Successful
[INFO ] 12-06-2023 09:32:48 [main] createSlide_page - Wait For Loading Page Successful
[INFO ] 12-06-2023 09:32:48 [main] createSlide_page - Click button create Slide Successful
[INFO ] 12-06-2023 09:32:48 [main] createSlide_page - Search Slide Successful
[INFO ] 12-06-2023 09:32:49 [main] createSlide_page - Select this template Successful
[INFO ] 12-06-2023 09:32:49 [main] createSlide_page - Enter title Slide Successful
[INFO ] 12-06-2023 09:32:49 [main] createSlide_page - Click button Create Slide Successful
[INFO ] 12-06-2023 09:33:35 [main] createSlide_page - Login Successful
[INFO ] 12-06-2023 09:33:35 [main] createSlide_page - Wait For Loading Page Successful
[INFO ] 12-06-2023 09:33:35 [main] createSlide_page - Click button create Slide Successful
[INFO ] 12-06-2023 09:33:35 [main] createSlide_page - Search Slide Successful
[INFO ] 12-06-2023 09:33:36 [main] createSlide_page - Select this template Successful
[INFO ] 12-06-2023 09:33:37 [main] createSlide_page - Enter title Slide Successful
[INFO ] 12-06-2023 09:33:37 [main] createSlide_page - Click button Create Slide Successful
[INFO ] 12-06-2023 09:33:44 [main] createSlide_page - Click button of successful item
[INFO ] 12-06-2023 09:33:44 [main] createSlide_page - Drag image of successful item
[INFO ] 12-06-2023 09:33:45 [main] createSlide_page - Add image of successful item
[INFO ] 12-06-2023 09:33:45 [main] createSlide_page - Update Item Successful
[INFO ] 12-06-2023 09:33:45 [main] createSlide_page - Add title of successful item
[INFO ] 12-06-2023 09:33:45 [main] createSlide_page - Add summary of successful item 
[INFO ] 12-06-2023 09:33:56 [main] createSlide_page - Click button of successful item
[INFO ] 12-06-2023 09:33:56 [main] createSlide_page - Drag image of successful item
[INFO ] 12-06-2023 09:33:56 [main] createSlide_page - Add image of successful item
[INFO ] 12-06-2023 09:33:57 [main] createSlide_page - Update Item Successful
[INFO ] 12-06-2023 09:33:57 [main] createSlide_page - Add title of successful item
[INFO ] 12-06-2023 09:33:57 [main] createSlide_page - Add summary of successful item 
[INFO ] 12-06-2023 09:34:02 [main] createSlide_page - Title item1 is : Mục testCases 1
[INFO ] 12-06-2023 09:34:02 [main] createSlide_page - Title item2 is : Mục testCases 2
[INFO ] 12-06-2023 09:34:06 [main] createSlide_page - Title preview item1 is : Mục testCases 2
[INFO ] 12-06-2023 09:34:06 [main] createSlide_page - Title preview item2 is : Mục testCases 1
[INFO ] 12-06-2023 09:34:06 [main] createSlide_page - The two items are the same
[INFO ] 12-06-2023 09:34:06 [main] createSlide_page - The two items are the same
[INFO ] 12-06-2023 17:21:34 [main] createSlide_page - Login Successful
[INFO ] 12-06-2023 17:21:34 [main] createSlide_page - Wait For Loading Page Successful
[INFO ] 12-06-2023 17:21:35 [main] createSlide_page - Click button create Slide Successful
[INFO ] 12-06-2023 17:21:35 [main] createSlide_page - Search Slide Successful
[INFO ] 12-06-2023 17:21:36 [main] createSlide_page - Select this template Successful
[INFO ] 12-06-2023 17:21:37 [main] createSlide_page - Enter title Slide Successful
[INFO ] 12-06-2023 17:21:37 [main] createSlide_page - Click button Create Slide Successful
[INFO ] 12-06-2023 17:21:44 [main] createSlide_page - Click button of successful item
[INFO ] 12-06-2023 17:21:45 [main] createSlide_page - Drag image of successful item
[INFO ] 12-06-2023 17:21:45 [main] createSlide_page - Add image of successful item
[INFO ] 12-06-2023 17:21:45 [main] createSlide_page - Update Item Successful
[INFO ] 12-06-2023 17:21:45 [main] createSlide_page - Add title of successful item
[INFO ] 12-06-2023 17:21:45 [main] createSlide_page - Add summary of successful item 
[INFO ] 12-06-2023 17:21:56 [main] createSlide_page - Click button of successful item
[INFO ] 12-06-2023 17:21:56 [main] createSlide_page - Drag image of successful item
[INFO ] 12-06-2023 17:21:57 [main] createSlide_page - Add image of successful item
[INFO ] 12-06-2023 17:21:57 [main] createSlide_page - Update Item Successful
[INFO ] 12-06-2023 17:21:57 [main] createSlide_page - Add title of successful item
[INFO ] 12-06-2023 17:21:57 [main] createSlide_page - Add summary of successful item 
[INFO ] 12-06-2023 17:22:02 [main] createSlide_page - Title item1 is : Mục testCases 1
[INFO ] 12-06-2023 17:22:02 [main] createSlide_page - Title item2 is : Mục testCases 2
[INFO ] 12-06-2023 17:22:06 [main] createSlide_page - Title preview item1 is : Mục testCases 2
[INFO ] 12-06-2023 17:22:06 [main] createSlide_page - Title preview item2 is : Mục testCases 1
[INFO ] 12-06-2023 17:22:06 [main] createSlide_page - The two items are the same
[INFO ] 12-06-2023 17:22:06 [main] createSlide_page - The two items are the same
[INFO ] 12-06-2023 17:37:16 [main] createSlide_page - Login Successful
[INFO ] 12-06-2023 17:37:16 [main] createSlide_page - Wait For Loading Page Successful
[INFO ] 12-06-2023 17:37:16 [main] createSlide_page - Click button create Slide Successful
[INFO ] 12-06-2023 17:37:16 [main] createSlide_page - Search Slide Successful
[INFO ] 12-06-2023 17:37:17 [main] createSlide_page - Select this template Successful
[INFO ] 12-06-2023 17:37:17 [main] createSlide_page - Enter title Slide Successful
[INFO ] 12-06-2023 17:37:18 [main] createSlide_page - Click button Create Slide Successful
[INFO ] 13-06-2023 10:30:52 [main] createSlide_page - Login Successful
[INFO ] 15-06-2023 16:01:40 [main] login_page - Enter username successful
[INFO ] 15-06-2023 16:01:41 [main] login_page - Enter password successful
[INFO ] 15-06-2023 16:01:47 [main] login_page - Click button login successful
[INFO ] 15-06-2023 16:04:08 [main] login_page - Enter username successful
[INFO ] 15-06-2023 16:04:09 [main] login_page - Enter password successful
[INFO ] 15-06-2023 16:04:19 [main] login_page - Click button login successful
[INFO ] 15-06-2023 16:04:19 [main] login_page - actualURL: https://dstest.vibe.fyi/portal/slide-editor
[INFO ] 15-06-2023 16:04:19 [main] login_page - expectedURL: https://dstest.vibe.fyi/portal/slide-editor
[INFO ] 15-06-2023 16:04:19 [main] login_page - Verify Success
[INFO ] 15-06-2023 18:08:22 [main] login_page - Enter username successful
[INFO ] 15-06-2023 18:08:23 [main] login_page - Enter password successful
[INFO ] 15-06-2023 18:08:30 [main] login_page - Click button login successful
[INFO ] 15-06-2023 18:08:30 [main] login_page - actualURL: https://dstest.vibe.fyi/portal/slide-editor
[INFO ] 15-06-2023 18:08:30 [main] login_page - expectedURL: https://dstest.vibe.fyi/portal/slide-editor
[INFO ] 15-06-2023 18:08:30 [main] login_page - Verify Success
[INFO ] 15-06-2023 18:08:30 [main] createSlide_page - Wait For Loading Page Successful
[INFO ] 15-06-2023 18:09:50 [main] login_page - Enter username successful
[INFO ] 15-06-2023 18:09:50 [main] login_page - Enter password successful
[INFO ] 15-06-2023 18:09:56 [main] login_page - Click button login successful
[INFO ] 15-06-2023 18:09:56 [main] login_page - actualURL: https://dstest.vibe.fyi/portal/slide-editor
[INFO ] 15-06-2023 18:09:56 [main] login_page - expectedURL: https://dstest.vibe.fyi/portal/slide-editor
[INFO ] 15-06-2023 18:09:56 [main] login_page - Verify Success
[INFO ] 15-06-2023 18:10:03 [main] createSlide_page - Wait For Loading Page Successful
[INFO ] 15-06-2023 18:10:03 [main] createSlide_page - Click button create Slide Successful
[INFO ] 15-06-2023 18:10:03 [main] createSlide_page - Enter Title Slide Successful
[INFO ] 15-06-2023 18:11:23 [main] login_page - Enter username successful
[INFO ] 15-06-2023 18:11:23 [main] login_page - Enter password successful
[INFO ] 15-06-2023 18:11:41 [main] login_page - Click button login successful
[INFO ] 15-06-2023 18:11:41 [main] login_page - actualURL: https://dstest.vibe.fyi/portal/slide-editor
[INFO ] 15-06-2023 18:11:41 [main] login_page - expectedURL: https://dstest.vibe.fyi/portal/slide-editor
[INFO ] 15-06-2023 18:11:41 [main] login_page - Verify Success
[INFO ] 15-06-2023 18:11:48 [main] createSlide_page - Wait For Loading Page Successful
[INFO ] 15-06-2023 18:11:48 [main] createSlide_page - Click button create Slide Successful
[INFO ] 15-06-2023 18:11:49 [main] createSlide_page - Enter Title Slide Successful
[INFO ] 15-06-2023 18:11:50 [main] createSlide_page - Select this template Successful
[INFO ] 15-06-2023 18:11:50 [main] createSlide_page - Enter title Slide Successful
[INFO ] 15-06-2023 18:11:50 [main] createSlide_page - Click button Create Slide Successful
[INFO ] 15-06-2023 18:11:51 [main] createSlide_page - Verify Create Slide Successful
[INFO ] 15-06-2023 18:14:29 [main] login_page - Enter username successful
[INFO ] 15-06-2023 18:14:29 [main] login_page - Enter password successful
[INFO ] 15-06-2023 18:14:40 [main] login_page - Click button login successful
[INFO ] 15-06-2023 18:14:40 [main] login_page - actualURL: https://dstest.vibe.fyi/portal/slide-editor
[INFO ] 15-06-2023 18:14:40 [main] login_page - expectedURL: https://dstest.vibe.fyi/portal/slide-editor
[INFO ] 15-06-2023 18:14:40 [main] login_page - Verify Success
[INFO ] 15-06-2023 18:14:47 [main] createSlide_page - Wait For Loading Page Successful
[INFO ] 15-06-2023 18:14:47 [main] createSlide_page - Click button create Slide Successful
[INFO ] 15-06-2023 18:14:47 [main] createSlide_page - Enter Title Slide Successful
[INFO ] 15-06-2023 18:14:49 [main] createSlide_page - Select this template Successful
[INFO ] 15-06-2023 18:14:49 [main] createSlide_page - Enter title Slide Successful
[INFO ] 15-06-2023 18:14:49 [main] createSlide_page - Click button Create Slide Successful
[INFO ] 15-06-2023 18:14:53 [main] createSlide_page - Verify Create Slide Successful
[INFO ] 15-06-2023 18:18:13 [main] login_page - Enter username successful
[INFO ] 15-06-2023 18:18:13 [main] login_page - Enter password successful
[INFO ] 15-06-2023 18:18:22 [main] login_page - Click button login successful
[INFO ] 15-06-2023 18:18:22 [main] login_page - actualURL: https://dstest.vibe.fyi/portal/slide-editor
[INFO ] 15-06-2023 18:18:22 [main] login_page - expectedURL: https://dstest.vibe.fyi/portal/slide-editor
[INFO ] 15-06-2023 18:18:22 [main] login_page - Verify Success
[INFO ] 15-06-2023 18:18:29 [main] createSlide_page - Wait For Loading Page Successful
[INFO ] 15-06-2023 18:18:29 [main] createSlide_page - Click button create Slide Successful
[INFO ] 15-06-2023 18:18:29 [main] createSlide_page - Enter Title Slide Successful
[INFO ] 15-06-2023 18:18:30 [main] createSlide_page - Select this template Successful
[INFO ] 15-06-2023 18:18:30 [main] createSlide_page - Enter title Slide Successful
[INFO ] 15-06-2023 18:18:30 [main] createSlide_page - Click button Create Slide Successful
[INFO ] 15-06-2023 18:18:33 [main] createSlide_page - Verify Create Slide Successful
[INFO ] 16-06-2023 09:09:37 [main] login_page - Enter username successful
[INFO ] 16-06-2023 09:09:37 [main] login_page - Enter password successful
[INFO ] 16-06-2023 09:09:43 [main] login_page - Click button login successful
[INFO ] 16-06-2023 09:09:43 [main] login_page - actualURL: https://dstest.vibe.fyi/portal/slide-editor
[INFO ] 16-06-2023 09:09:43 [main] login_page - expectedURL: https://dstest.vibe.fyi/portal/slide-editor
[INFO ] 16-06-2023 09:09:43 [main] login_page - Verify Success
[INFO ] 16-06-2023 09:09:50 [main] createSlide_page - Wait For Loading Page Successful
[INFO ] 16-06-2023 09:09:51 [main] createSlide_page - Click button create Slide Successful
[INFO ] 16-06-2023 09:09:51 [main] createSlide_page - Enter Title Slide Successful
[INFO ] 16-06-2023 09:09:52 [main] createSlide_page - Select this template Successful
[INFO ] 16-06-2023 09:09:52 [main] createSlide_page - Enter title Slide Successful
[INFO ] 16-06-2023 09:09:52 [main] createSlide_page - Click button Create Slide Successful
[INFO ] 16-06-2023 09:10:21 [main] login_page - Enter username successful
[INFO ] 16-06-2023 09:10:21 [main] login_page - Enter password successful
[INFO ] 16-06-2023 09:10:33 [main] login_page - Click button login successful
[INFO ] 16-06-2023 09:10:33 [main] login_page - actualURL: https://dstest.vibe.fyi/portal/slide-editor
[INFO ] 16-06-2023 09:10:33 [main] login_page - expectedURL: https://dstest.vibe.fyi/portal/slide-editor
[INFO ] 16-06-2023 09:10:33 [main] login_page - Verify Success
[INFO ] 16-06-2023 09:10:40 [main] createSlide_page - Wait For Loading Page Successful
[INFO ] 16-06-2023 09:10:40 [main] createSlide_page - Click button create Slide Successful
[INFO ] 16-06-2023 09:10:41 [main] createSlide_page - Enter Title Slide Successful
[INFO ] 16-06-2023 09:10:42 [main] createSlide_page - Select this template Successful
[INFO ] 16-06-2023 09:10:42 [main] createSlide_page - Enter title Slide Successful
[INFO ] 16-06-2023 09:10:42 [main] createSlide_page - Click button Create Slide Successful
[INFO ] 16-06-2023 09:10:44 [main] createSlide_page - Verify Create Slide Successful
[INFO ] 16-06-2023 09:19:10 [main] login_page - Enter username successful
[INFO ] 16-06-2023 09:19:10 [main] login_page - Enter password successful
[INFO ] 16-06-2023 09:19:16 [main] login_page - Click button login successful
[INFO ] 16-06-2023 09:19:16 [main] login_page - actualURL: https://dstest.vibe.fyi/portal/slide-editor
[INFO ] 16-06-2023 09:19:16 [main] login_page - expectedURL: https://dstest.vibe.fyi/portal/slide-editor
[INFO ] 16-06-2023 09:19:16 [main] login_page - Verify Success
[INFO ] 16-06-2023 09:19:23 [main] createSlide_page - Wait For Loading Page Successful
[INFO ] 16-06-2023 09:19:23 [main] createSlide_page - Click button create Slide Successful
[INFO ] 16-06-2023 09:19:23 [main] createSlide_page - Enter Title Slide Successful
[INFO ] 16-06-2023 09:19:24 [main] createSlide_page - Select this template Successful
[INFO ] 16-06-2023 09:19:24 [main] createSlide_page - Enter title Slide Successful
[INFO ] 16-06-2023 09:19:24 [main] createSlide_page - Click button Create Slide Successful
[INFO ] 16-06-2023 09:19:29 [main] createSlide_page - Verify Create Slide Successful
[INFO ] 16-06-2023 09:23:33 [main] login_page - Enter username successful
[INFO ] 16-06-2023 09:23:33 [main] login_page - Enter password successful
[INFO ] 16-06-2023 09:23:39 [main] login_page - Click button login successful
[INFO ] 16-06-2023 09:23:39 [main] login_page - actualURL: https://dstest.vibe.fyi/portal/slide-editor
[INFO ] 16-06-2023 09:23:39 [main] login_page - expectedURL: https://dstest.vibe.fyi/portal/slide-editor
[INFO ] 16-06-2023 09:23:39 [main] login_page - Verify Success
[INFO ] 16-06-2023 09:23:46 [main] createSlide_page - Wait For Loading Page Successful
[INFO ] 16-06-2023 09:23:46 [main] createSlide_page - Click button create Slide Successful
[INFO ] 16-06-2023 09:23:46 [main] createSlide_page - Enter Title Slide Successful
[INFO ] 16-06-2023 09:23:47 [main] createSlide_page - Select this template Successful
[INFO ] 16-06-2023 09:23:48 [main] createSlide_page - Enter title Slide Successful
[INFO ] 16-06-2023 09:23:48 [main] createSlide_page - Click button Create Slide Successful
[INFO ] 16-06-2023 09:23:50 [main] createSlide_page - Verify Create Slide Successful
[INFO ] 16-06-2023 09:28:00 [main] login_page - Enter username successful
[INFO ] 16-06-2023 09:28:01 [main] login_page - Enter password successful
[INFO ] 16-06-2023 09:28:06 [main] login_page - Click button login successful
[INFO ] 16-06-2023 09:28:06 [main] login_page - actualURL: https://dstest.vibe.fyi/portal/slide-editor
[INFO ] 16-06-2023 09:28:06 [main] login_page - expectedURL: https://dstest.vibe.fyi/portal/slide-editor
[INFO ] 16-06-2023 09:28:06 [main] login_page - Verify Success
[INFO ] 16-06-2023 09:28:13 [main] createSlide_page - Wait For Loading Page Successful
[INFO ] 16-06-2023 09:28:13 [main] createSlide_page - Click button create Slide Successful
[INFO ] 16-06-2023 09:28:14 [main] createSlide_page - Enter Title Slide Successful
[INFO ] 16-06-2023 09:28:15 [main] createSlide_page - Select this template Successful
[INFO ] 16-06-2023 09:28:15 [main] createSlide_page - Enter title Slide Successful
[INFO ] 16-06-2023 09:28:15 [main] createSlide_page - Click button Create Slide Successful
[INFO ] 16-06-2023 09:28:16 [main] createSlide_page - Verify Create Slide Successful
[INFO ] 16-06-2023 09:28:32 [main] createSlide_page - Click button of successful item
[INFO ] 16-06-2023 09:28:33 [main] createSlide_page - Drag image of successful item
[INFO ] 16-06-2023 09:28:33 [main] createSlide_page - Add image of successful item
[INFO ] 16-06-2023 09:33:03 [main] login_page - Enter username successful
[INFO ] 16-06-2023 09:33:03 [main] login_page - Enter password successful
[INFO ] 16-06-2023 09:33:09 [main] login_page - Click button login successful
[INFO ] 16-06-2023 09:33:09 [main] login_page - actualURL: https://dstest.vibe.fyi/portal/slide-editor
[INFO ] 16-06-2023 09:33:09 [main] login_page - expectedURL: https://dstest.vibe.fyi/portal/slide-editor
[INFO ] 16-06-2023 09:33:09 [main] login_page - Verify Success
[INFO ] 16-06-2023 09:33:16 [main] createSlide_page - Wait For Loading Page Successful
[INFO ] 16-06-2023 09:33:16 [main] createSlide_page - Click button create Slide Successful
[INFO ] 16-06-2023 09:33:17 [main] createSlide_page - Enter Title Slide Successful
[INFO ] 16-06-2023 09:33:18 [main] createSlide_page - Select this template Successful
[INFO ] 16-06-2023 09:33:18 [main] createSlide_page - Enter title Slide Successful
[INFO ] 16-06-2023 09:33:18 [main] createSlide_page - Click button Create Slide Successful
[INFO ] 16-06-2023 09:33:20 [main] createSlide_page - Verify Create Slide Successful
[INFO ] 16-06-2023 09:33:36 [main] createSlide_page - Click button of successful item
[INFO ] 16-06-2023 09:33:36 [main] createSlide_page - Drag image of successful item
[INFO ] 16-06-2023 09:33:37 [main] createSlide_page - Add image of successful item
[INFO ] 16-06-2023 09:33:37 [main] createSlide_page - Update Item Successful
[INFO ] 16-06-2023 09:33:37 [main] createSlide_page - Add title of successful item
[INFO ] 16-06-2023 09:33:37 [main] createSlide_page - Add summary of successful item 
[INFO ] 16-06-2023 09:33:54 [main] createSlide_page - Click button of successful item
[INFO ] 16-06-2023 09:33:54 [main] createSlide_page - Drag image of successful item
[INFO ] 16-06-2023 09:33:54 [main] createSlide_page - Add image of successful item
[INFO ] 16-06-2023 09:33:54 [main] createSlide_page - Update Item Successful
[INFO ] 16-06-2023 09:33:54 [main] createSlide_page - Add title of successful item
[INFO ] 16-06-2023 09:33:55 [main] createSlide_page - Add summary of successful item 
[INFO ] 16-06-2023 09:39:28 [main] login_page - Enter username successful
[INFO ] 16-06-2023 09:39:28 [main] login_page - Enter password successful
[INFO ] 16-06-2023 09:39:34 [main] login_page - Click button login successful
[INFO ] 16-06-2023 09:39:34 [main] login_page - actualURL: https://dstest.vibe.fyi/portal/slide-editor
[INFO ] 16-06-2023 09:39:34 [main] login_page - expectedURL: https://dstest.vibe.fyi/portal/slide-editor
[INFO ] 16-06-2023 09:39:34 [main] login_page - Verify Success
[INFO ] 16-06-2023 09:39:41 [main] createSlide_page - Wait For Loading Page Successful
[INFO ] 16-06-2023 09:39:41 [main] createSlide_page - Click button create Slide Successful
[INFO ] 16-06-2023 09:39:41 [main] createSlide_page - Enter Title Slide Successful
[INFO ] 16-06-2023 09:39:42 [main] createSlide_page - Select this template Successful
[INFO ] 16-06-2023 09:39:42 [main] createSlide_page - Enter title Slide Successful
[INFO ] 16-06-2023 09:39:42 [main] createSlide_page - Click button Create Slide Successful
[INFO ] 16-06-2023 09:39:44 [main] createSlide_page - Verify Create Slide Successful
[INFO ] 16-06-2023 09:40:00 [main] createSlide_page - Click button of successful item
[INFO ] 16-06-2023 09:40:00 [main] createSlide_page - Drag image of successful item
[INFO ] 16-06-2023 09:40:01 [main] createSlide_page - Add image of successful item
[INFO ] 16-06-2023 09:40:01 [main] createSlide_page - Update Item Successful
[INFO ] 16-06-2023 09:40:01 [main] createSlide_page - Add title of successful item
[INFO ] 16-06-2023 09:40:01 [main] createSlide_page - Add summary of successful item 
[INFO ] 16-06-2023 09:40:01 [main] createSlide_page - Save Item Successful
[INFO ] 16-06-2023 09:40:18 [main] createSlide_page - Click button of successful item
[INFO ] 16-06-2023 09:40:18 [main] createSlide_page - Drag image of successful item
[INFO ] 16-06-2023 09:40:18 [main] createSlide_page - Add image of successful item
[INFO ] 16-06-2023 09:40:18 [main] createSlide_page - Update Item Successful
[INFO ] 16-06-2023 09:40:18 [main] createSlide_page - Add title of successful item
[INFO ] 16-06-2023 09:40:18 [main] createSlide_page - Add summary of successful item 
[INFO ] 16-06-2023 09:40:18 [main] createSlide_page - Save Item Successful
[INFO ] 16-06-2023 10:28:26 [main] login_page - Enter username successful
[INFO ] 16-06-2023 10:28:26 [main] login_page - Enter password successful
[INFO ] 16-06-2023 10:28:32 [main] login_page - Click button login successful
[INFO ] 16-06-2023 10:28:32 [main] login_page - actualURL: https://dstest.vibe.fyi/portal/slide-editor
[INFO ] 16-06-2023 10:28:32 [main] login_page - expectedURL: https://dstest.vibe.fyi/portal/slide-editor
[INFO ] 16-06-2023 10:28:32 [main] login_page - Verify Success
[INFO ] 16-06-2023 10:28:39 [main] createSlide_page - Wait For Loading Page Successful
[INFO ] 16-06-2023 10:28:39 [main] createSlide_page - Click button create Slide Successful
[INFO ] 16-06-2023 10:28:39 [main] createSlide_page - Enter Title Slide Successful
[INFO ] 16-06-2023 10:28:40 [main] createSlide_page - Select this template Successful
[INFO ] 16-06-2023 10:28:41 [main] createSlide_page - Enter title Slide Successful
[INFO ] 16-06-2023 10:28:41 [main] createSlide_page - Click button Create Slide Successful
[INFO ] 16-06-2023 10:28:42 [main] createSlide_page - Verify Create Slide Successful
[INFO ] 16-06-2023 10:28:58 [main] createSlide_page - Click button of successful item
[INFO ] 16-06-2023 10:28:58 [main] createSlide_page - Drag image of successful item
[INFO ] 16-06-2023 10:28:59 [main] createSlide_page - Add image of successful item
[INFO ] 16-06-2023 10:28:59 [main] createSlide_page - Update Item Successful
[INFO ] 16-06-2023 10:28:59 [main] createSlide_page - Add title of successful item
[INFO ] 16-06-2023 10:28:59 [main] createSlide_page - Add summary of successful item 
[INFO ] 16-06-2023 10:28:59 [main] createSlide_page - Save Item Successful
[INFO ] 16-06-2023 10:29:15 [main] createSlide_page - Click button of successful item
[INFO ] 16-06-2023 10:29:15 [main] createSlide_page - Drag image of successful item
[INFO ] 16-06-2023 10:29:15 [main] createSlide_page - Add image of successful item
[INFO ] 16-06-2023 10:29:15 [main] createSlide_page - Update Item Successful
[INFO ] 16-06-2023 10:29:16 [main] createSlide_page - Add title of successful item
[INFO ] 16-06-2023 10:29:16 [main] createSlide_page - Add summary of successful item 
[INFO ] 16-06-2023 10:29:16 [main] createSlide_page - Save Item Successful
[INFO ] 16-06-2023 14:42:27 [main] login_page - Enter username successful
[INFO ] 16-06-2023 14:42:27 [main] login_page - Enter password successful
[INFO ] 16-06-2023 14:42:33 [main] login_page - Click button login successful
[INFO ] 16-06-2023 14:42:33 [main] login_page - actualURL: https://dstest.vibe.fyi/portal/slide-editor
[INFO ] 16-06-2023 14:42:33 [main] login_page - expectedURL: https://dstest.vibe.fyi/portal/slide-editor
[INFO ] 16-06-2023 14:42:33 [main] login_page - Verify Success
[INFO ] 16-06-2023 14:42:40 [main] createSlide_page - Wait For Loading Page Successful
[INFO ] 16-06-2023 14:42:40 [main] createSlide_page - Click button create Slide Successful
[INFO ] 16-06-2023 14:42:41 [main] createSlide_page - Enter Title Slide Successful
[INFO ] 16-06-2023 14:42:43 [main] createSlide_page - Select this template Successful
[INFO ] 16-06-2023 14:42:43 [main] createSlide_page - Enter title Slide Successful
[INFO ] 16-06-2023 14:42:43 [main] createSlide_page - Click button Create Slide Successful
[INFO ] 16-06-2023 14:42:48 [main] createSlide_page - Verify Create Slide Successful
[INFO ] 16-06-2023 14:43:04 [main] createSlide_page - Click button of successful item
[INFO ] 16-06-2023 14:43:04 [main] createSlide_page - Drag image of successful item
[INFO ] 16-06-2023 14:43:05 [main] createSlide_page - Add image of successful item
[INFO ] 16-06-2023 14:43:05 [main] createSlide_page - Update Item Successful
[INFO ] 16-06-2023 14:43:05 [main] createSlide_page - Add title of successful item
[INFO ] 16-06-2023 14:43:05 [main] createSlide_page - Add summary of successful item 
[INFO ] 16-06-2023 14:43:05 [main] createSlide_page - Save Item Successful
[INFO ] 16-06-2023 14:43:21 [main] createSlide_page - Click button of successful item
[INFO ] 16-06-2023 14:43:21 [main] createSlide_page - Drag image of successful item
[INFO ] 16-06-2023 14:43:22 [main] createSlide_page - Add image of successful item
[INFO ] 16-06-2023 14:43:22 [main] createSlide_page - Update Item Successful
[INFO ] 16-06-2023 14:43:22 [main] createSlide_page - Add title of successful item
[INFO ] 16-06-2023 14:43:22 [main] createSlide_page - Add summary of successful item 
[INFO ] 16-06-2023 14:43:22 [main] createSlide_page - Save Item Successful
[INFO ] 16-06-2023 15:41:39 [main] login_page - Enter username successful
[INFO ] 16-06-2023 15:41:39 [main] login_page - Enter password successful
[INFO ] 16-06-2023 15:41:48 [main] login_page - Click button login successful
[INFO ] 16-06-2023 15:41:48 [main] login_page - actualURL: https://dstest.vibe.fyi/portal/slide-editor
[INFO ] 16-06-2023 15:41:48 [main] login_page - expectedURL: https://dstest.vibe.fyi/portal/slide-editor
[INFO ] 16-06-2023 15:41:48 [main] login_page - Verify Success
[INFO ] 16-06-2023 15:41:55 [main] createSlide_page - Wait For Loading Page Successful
[INFO ] 16-06-2023 15:41:55 [main] createSlide_page - Click button create Slide Successful
[INFO ] 16-06-2023 15:41:56 [main] createSlide_page - Enter Title Slide Successful
[INFO ] 16-06-2023 15:41:57 [main] createSlide_page - Select this template Successful
[INFO ] 16-06-2023 15:41:57 [main] createSlide_page - Enter title Slide Successful
[INFO ] 16-06-2023 15:41:57 [main] createSlide_page - Click button Create Slide Successful
[INFO ] 16-06-2023 15:42:23 [main] login_page - Enter username successful
[INFO ] 16-06-2023 15:42:23 [main] login_page - Enter password successful
[INFO ] 16-06-2023 15:42:29 [main] login_page - Click button login successful
[INFO ] 16-06-2023 15:42:29 [main] login_page - actualURL: https://dstest.vibe.fyi/portal/slide-editor
[INFO ] 16-06-2023 15:42:29 [main] login_page - expectedURL: https://dstest.vibe.fyi/portal/slide-editor
[INFO ] 16-06-2023 15:42:29 [main] login_page - Verify Success
[INFO ] 16-06-2023 15:42:36 [main] createSlide_page - Wait For Loading Page Successful
[INFO ] 16-06-2023 15:42:36 [main] createSlide_page - Click button create Slide Successful
[INFO ] 16-06-2023 15:42:37 [main] createSlide_page - Enter Title Slide Successful
[INFO ] 16-06-2023 15:42:38 [main] createSlide_page - Select this template Successful
[INFO ] 16-06-2023 15:42:38 [main] createSlide_page - Enter title Slide Successful
[INFO ] 16-06-2023 15:42:38 [main] createSlide_page - Click button Create Slide Successful
[INFO ] 16-06-2023 15:42:39 [main] createSlide_page - Verify Create Slide Successful
[INFO ] 16-06-2023 15:42:56 [main] createSlide_page - Click button of successful item
[INFO ] 16-06-2023 15:42:56 [main] createSlide_page - Drag image of successful item
[INFO ] 16-06-2023 15:42:56 [main] createSlide_page - Add image of successful item
[INFO ] 16-06-2023 15:42:56 [main] createSlide_page - Update Item Successful
[INFO ] 16-06-2023 15:42:56 [main] createSlide_page - Add title of successful item: Anh Item Title 1
[INFO ] 16-06-2023 15:42:57 [main] createSlide_page - Add summary of successful item Anh Item Summary 1
[INFO ] 16-06-2023 15:42:57 [main] createSlide_page - Save Item Successful
[INFO ] 16-06-2023 15:43:13 [main] createSlide_page - Click button of successful item
[INFO ] 16-06-2023 15:43:13 [main] createSlide_page - Drag image of successful item
[INFO ] 16-06-2023 15:43:13 [main] createSlide_page - Add image of successful item
[INFO ] 16-06-2023 15:43:14 [main] createSlide_page - Update Item Successful
[INFO ] 16-06-2023 15:43:14 [main] createSlide_page - Add title of successful item: Anh Item Title 2
[INFO ] 16-06-2023 15:43:14 [main] createSlide_page - Add summary of successful item Anh Item Summary 2
[INFO ] 16-06-2023 15:43:14 [main] createSlide_page - Save Item Successful
[INFO ] 16-06-2023 15:47:14 [main] login_page - Enter username successful
[INFO ] 16-06-2023 15:47:15 [main] login_page - Enter password successful
[INFO ] 16-06-2023 15:47:22 [main] login_page - Click button login successful
[INFO ] 16-06-2023 15:47:22 [main] login_page - actualURL: https://dstest.vibe.fyi/portal/slide-editor
[INFO ] 16-06-2023 15:47:22 [main] login_page - expectedURL: https://dstest.vibe.fyi/portal/slide-editor
[INFO ] 16-06-2023 15:47:22 [main] login_page - Verify Success
[INFO ] 16-06-2023 15:47:29 [main] createSlide_page - Wait For Loading Page Successful
[INFO ] 16-06-2023 15:47:29 [main] createSlide_page - Click button create Slide Successful
[INFO ] 16-06-2023 15:47:29 [main] createSlide_page - Enter Title Slide Successful
[INFO ] 16-06-2023 15:47:30 [main] createSlide_page - Select this template Successful
[INFO ] 16-06-2023 15:47:30 [main] createSlide_page - Enter title Slide Successful
[INFO ] 16-06-2023 15:47:30 [main] createSlide_page - Click button Create Slide Successful
[INFO ] 16-06-2023 15:47:32 [main] createSlide_page - Verify Create Slide Successful
[INFO ] 16-06-2023 15:47:48 [main] createSlide_page - Click button of successful item
[INFO ] 16-06-2023 15:47:48 [main] createSlide_page - Drag image of successful item
[INFO ] 16-06-2023 15:47:49 [main] createSlide_page - Add image of successful item
[INFO ] 16-06-2023 15:47:49 [main] createSlide_page - Update Item Successful
[INFO ] 16-06-2023 15:47:49 [main] createSlide_page - Add title of successful item: Anh Item Title 1
[INFO ] 16-06-2023 15:47:49 [main] createSlide_page - Add summary of successful item Anh Item Summary 1
[INFO ] 16-06-2023 15:47:49 [main] createSlide_page - Save Item Successful
[INFO ] 16-06-2023 15:48:05 [main] createSlide_page - Click button of successful item
[INFO ] 16-06-2023 15:48:06 [main] createSlide_page - Drag image of successful item
[INFO ] 16-06-2023 15:48:06 [main] createSlide_page - Add image of successful item
[INFO ] 16-06-2023 15:48:06 [main] createSlide_page - Update Item Successful
[INFO ] 16-06-2023 15:48:06 [main] createSlide_page - Add title of successful item: Anh Item Title 2
[INFO ] 16-06-2023 15:48:06 [main] createSlide_page - Add summary of successful item Anh Item Summary 2
[INFO ] 16-06-2023 15:48:06 [main] createSlide_page - Save Item Successful
[INFO ] 16-06-2023 15:53:25 [main] login_page - Enter username successful
[INFO ] 16-06-2023 15:53:25 [main] login_page - Enter password successful
[INFO ] 16-06-2023 15:53:31 [main] login_page - Click button login successful
[INFO ] 16-06-2023 15:53:31 [main] login_page - actualURL: https://dstest.vibe.fyi/portal/slide-editor
[INFO ] 16-06-2023 15:53:31 [main] login_page - expectedURL: https://dstest.vibe.fyi/portal/slide-editor
[INFO ] 16-06-2023 15:53:31 [main] login_page - Verify Success
[INFO ] 16-06-2023 15:53:38 [main] createSlide_page - Wait For Loading Page Successful
[INFO ] 16-06-2023 15:54:15 [main] login_page - Enter username successful
[INFO ] 16-06-2023 15:54:15 [main] login_page - Enter password successful
[INFO ] 16-06-2023 15:54:23 [main] login_page - Click button login successful
[INFO ] 16-06-2023 15:54:23 [main] login_page - actualURL: https://dstest.vibe.fyi/portal/slide-editor
[INFO ] 16-06-2023 15:54:23 [main] login_page - expectedURL: https://dstest.vibe.fyi/portal/slide-editor
[INFO ] 16-06-2023 15:54:23 [main] login_page - Verify Success
[INFO ] 16-06-2023 15:54:30 [main] createSlide_page - Wait For Loading Page Successful
[INFO ] 16-06-2023 15:54:30 [main] createSlide_page - Click button create Slide Successful
[INFO ] 16-06-2023 15:54:30 [main] createSlide_page - Enter Title Slide Successful
[INFO ] 16-06-2023 15:54:31 [main] createSlide_page - Select this template Successful
[INFO ] 16-06-2023 15:54:31 [main] createSlide_page - Enter title Slide Successful
[INFO ] 16-06-2023 15:54:31 [main] createSlide_page - Click button Create Slide Successful
[INFO ] 16-06-2023 15:54:34 [main] createSlide_page - Verify Create Slide Successful
[INFO ] 16-06-2023 15:54:50 [main] createSlide_page - Click button of successful item
[INFO ] 16-06-2023 15:54:50 [main] createSlide_page - Drag image of successful item
[INFO ] 16-06-2023 15:54:50 [main] createSlide_page - Add image of successful item
[INFO ] 16-06-2023 15:54:50 [main] createSlide_page - Update Item Successful
[INFO ] 16-06-2023 15:54:51 [main] createSlide_page - Add title of successful item: Anh Item Title 1
[INFO ] 16-06-2023 15:54:51 [main] createSlide_page - Add summary of successful item Anh Item Summary 1
[INFO ] 16-06-2023 15:54:51 [main] createSlide_page - Save Item Successful
[INFO ] 16-06-2023 15:55:07 [main] createSlide_page - Click button of successful item
[INFO ] 16-06-2023 15:55:07 [main] createSlide_page - Drag image of successful item
[INFO ] 16-06-2023 15:55:07 [main] createSlide_page - Add image of successful item
[INFO ] 16-06-2023 15:55:07 [main] createSlide_page - Update Item Successful
[INFO ] 16-06-2023 15:55:07 [main] createSlide_page - Add title of successful item: Anh Item Title 2
[INFO ] 16-06-2023 15:55:08 [main] createSlide_page - Add summary of successful item Anh Item Summary 2
[INFO ] 16-06-2023 15:55:08 [main] createSlide_page - Save Item Successful
[INFO ] 16-06-2023 16:03:37 [main] login_page - Enter username successful
[INFO ] 16-06-2023 16:03:37 [main] login_page - Enter password successful
[INFO ] 16-06-2023 16:03:43 [main] login_page - Click button login successful
[INFO ] 16-06-2023 16:03:43 [main] login_page - actualURL: https://dstest.vibe.fyi/portal/slide-editor
[INFO ] 16-06-2023 16:03:43 [main] login_page - expectedURL: https://dstest.vibe.fyi/portal/slide-editor
[INFO ] 16-06-2023 16:03:43 [main] login_page - Verify Success
[INFO ] 16-06-2023 16:03:50 [main] createSlide_page - Wait For Loading Page Successful
[INFO ] 16-06-2023 16:04:12 [main] login_page - Enter username successful
[INFO ] 16-06-2023 16:04:12 [main] login_page - Enter password successful
[INFO ] 16-06-2023 16:04:23 [main] login_page - Click button login successful
[INFO ] 16-06-2023 16:04:23 [main] login_page - actualURL: https://dstest.vibe.fyi/portal/slide-editor
[INFO ] 16-06-2023 16:04:23 [main] login_page - expectedURL: https://dstest.vibe.fyi/portal/slide-editor
[INFO ] 16-06-2023 16:04:23 [main] login_page - Verify Success
[INFO ] 16-06-2023 16:04:30 [main] createSlide_page - Wait For Loading Page Successful
[INFO ] 16-06-2023 16:04:30 [main] createSlide_page - Click button create Slide Successful
[INFO ] 16-06-2023 16:04:30 [main] createSlide_page - Enter Title Slide Successful
[INFO ] 16-06-2023 16:04:31 [main] createSlide_page - Select this template Successful
[INFO ] 16-06-2023 16:04:31 [main] createSlide_page - Enter title Slide Successful
[INFO ] 16-06-2023 16:04:31 [main] createSlide_page - Click button Create Slide Successful
[INFO ] 16-06-2023 16:04:33 [main] createSlide_page - Verify Create Slide Successful
[INFO ] 16-06-2023 16:04:49 [main] createSlide_page - Click button of successful item
[INFO ] 16-06-2023 16:04:50 [main] createSlide_page - Drag image of successful item
[INFO ] 16-06-2023 16:04:50 [main] createSlide_page - Add image of successful item
[INFO ] 16-06-2023 16:04:50 [main] createSlide_page - Update Item Successful
[INFO ] 16-06-2023 16:04:50 [main] createSlide_page - Add title of successful item: Anh Item Title 1
[INFO ] 16-06-2023 16:04:50 [main] createSlide_page - Add summary of successful item Anh Item Summary 1
[INFO ] 16-06-2023 16:04:50 [main] createSlide_page - Save Item Successful
[INFO ] 16-06-2023 16:05:07 [main] createSlide_page - Click button of successful item
[INFO ] 16-06-2023 16:05:07 [main] createSlide_page - Drag image of successful item
[INFO ] 16-06-2023 16:05:07 [main] createSlide_page - Add image of successful item
[INFO ] 16-06-2023 16:05:07 [main] createSlide_page - Update Item Successful
[INFO ] 16-06-2023 16:05:07 [main] createSlide_page - Add title of successful item: Anh Item Title 2
[INFO ] 16-06-2023 16:05:07 [main] createSlide_page - Add summary of successful item Anh Item Summary 2
[INFO ] 16-06-2023 16:05:07 [main] createSlide_page - Save Item Successful
[INFO ] 16-06-2023 16:05:23 [main] createSlide_page - Title item1 is: Anh Item Title 1
[INFO ] 16-06-2023 16:05:23 [main] createSlide_page - Title preview item1 is: Anh Item Title 1
[INFO ] 16-06-2023 16:05:23 [main] createSlide_page - Title preview item2 is: Anh Item Title 1
[INFO ] 16-06-2023 16:05:23 [main] createSlide_page - Verification: Passed
[INFO ] 16-06-2023 16:07:21 [main] login_page - Enter username successful
[INFO ] 16-06-2023 16:07:21 [main] login_page - Enter password successful
[INFO ] 16-06-2023 16:07:27 [main] login_page - Click button login successful
[INFO ] 16-06-2023 16:07:27 [main] login_page - actualURL: https://dstest.vibe.fyi/portal/slide-editor
[INFO ] 16-06-2023 16:07:27 [main] login_page - expectedURL: https://dstest.vibe.fyi/portal/slide-editor
[INFO ] 16-06-2023 16:07:27 [main] login_page - Verify Success
[INFO ] 16-06-2023 16:07:34 [main] createSlide_page - Wait For Loading Page Successful
[INFO ] 16-06-2023 16:07:34 [main] createSlide_page - Click button create Slide Successful
[INFO ] 16-06-2023 16:07:34 [main] createSlide_page - Enter Title Slide Successful
[INFO ] 16-06-2023 16:07:35 [main] createSlide_page - Select this template Successful
[INFO ] 16-06-2023 16:07:35 [main] createSlide_page - Enter title Slide Successful
[INFO ] 16-06-2023 16:07:36 [main] createSlide_page - Click button Create Slide Successful
[INFO ] 16-06-2023 16:07:38 [main] createSlide_page - Verify Create Slide Successful
[INFO ] 16-06-2023 16:07:54 [main] createSlide_page - Click button of successful item
[INFO ] 16-06-2023 16:07:54 [main] createSlide_page - Drag image of successful item
[INFO ] 16-06-2023 16:07:54 [main] createSlide_page - Add image of successful item
[INFO ] 16-06-2023 16:07:54 [main] createSlide_page - Update Item Successful
[INFO ] 16-06-2023 16:07:54 [main] createSlide_page - Add title of successful item: Anh Item Title 1
[INFO ] 16-06-2023 16:07:55 [main] createSlide_page - Add summary of successful item Anh Item Summary 1
[INFO ] 16-06-2023 16:07:55 [main] createSlide_page - Save Item Successful
[INFO ] 16-06-2023 16:08:11 [main] createSlide_page - Click button of successful item
[INFO ] 16-06-2023 16:08:11 [main] createSlide_page - Drag image of successful item
[INFO ] 16-06-2023 16:08:11 [main] createSlide_page - Add image of successful item
[INFO ] 16-06-2023 16:08:11 [main] createSlide_page - Update Item Successful
[INFO ] 16-06-2023 16:08:11 [main] createSlide_page - Add title of successful item: Anh Item Title 2
[INFO ] 16-06-2023 16:08:12 [main] createSlide_page - Add summary of successful item Anh Item Summary 2
[INFO ] 16-06-2023 16:08:12 [main] createSlide_page - Save Item Successful
[INFO ] 16-06-2023 16:08:27 [main] createSlide_page - Title item1 is: Anh Item Title 1
[INFO ] 16-06-2023 16:08:27 [main] createSlide_page - Title preview item1 is: Anh Item Title 1
[INFO ] 16-06-2023 16:08:27 [main] createSlide_page - Title preview item2 is: Anh Item Title 1
[INFO ] 16-06-2023 16:08:27 [main] createSlide_page - Verification: Passed
[INFO ] 16-06-2023 16:09:37 [main] login_page - Enter username successful
[INFO ] 16-06-2023 16:09:37 [main] login_page - Enter password successful
[INFO ] 16-06-2023 16:09:45 [main] login_page - Click button login successful
[INFO ] 16-06-2023 16:09:45 [main] login_page - actualURL: https://dstest.vibe.fyi/portal/slide-editor
[INFO ] 16-06-2023 16:09:45 [main] login_page - expectedURL: https://dstest.vibe.fyi/portal/slide-editor
[INFO ] 16-06-2023 16:09:45 [main] login_page - Verify Success
[INFO ] 16-06-2023 16:09:52 [main] createSlide_page - Wait For Loading Page Successful
[INFO ] 16-06-2023 16:09:52 [main] createSlide_page - Click button create Slide Successful
[INFO ] 16-06-2023 16:09:52 [main] createSlide_page - Enter Title Slide Successful
[INFO ] 16-06-2023 16:09:53 [main] createSlide_page - Select this template Successful
[INFO ] 16-06-2023 16:09:53 [main] createSlide_page - Enter title Slide Successful
[INFO ] 16-06-2023 16:09:53 [main] createSlide_page - Click button Create Slide Successful
[INFO ] 16-06-2023 16:09:55 [main] createSlide_page - Verify Create Slide Successful
[INFO ] 16-06-2023 16:10:11 [main] createSlide_page - Click button of successful item
[INFO ] 16-06-2023 16:10:11 [main] createSlide_page - Drag image of successful item
[INFO ] 16-06-2023 16:10:11 [main] createSlide_page - Add image of successful item
[INFO ] 16-06-2023 16:10:12 [main] createSlide_page - Update Item Successful
[INFO ] 16-06-2023 16:10:12 [main] createSlide_page - Add title of successful item: Anh Item Title 1
[INFO ] 16-06-2023 16:10:12 [main] createSlide_page - Add summary of successful item Anh Item Summary 1
[INFO ] 16-06-2023 16:10:12 [main] createSlide_page - Save Item Successful
[INFO ] 16-06-2023 16:10:28 [main] createSlide_page - Click button of successful item
[INFO ] 16-06-2023 16:10:28 [main] createSlide_page - Drag image of successful item
[INFO ] 16-06-2023 16:10:28 [main] createSlide_page - Add image of successful item
[INFO ] 16-06-2023 16:10:29 [main] createSlide_page - Update Item Successful
[INFO ] 16-06-2023 16:10:29 [main] createSlide_page - Add title of successful item: Anh Item Title 2
[INFO ] 16-06-2023 16:10:29 [main] createSlide_page - Add summary of successful item Anh Item Summary 2
[INFO ] 16-06-2023 16:10:29 [main] createSlide_page - Save Item Successful
[INFO ] 16-06-2023 16:10:44 [main] createSlide_page - Title item1 is: Anh Item Title 1
[INFO ] 16-06-2023 16:10:44 [main] createSlide_page - Title preview item1 is: Anh Item Title 1
[INFO ] 16-06-2023 16:10:44 [main] createSlide_page - Title preview item2 is: Anh Item Title 1
[INFO ] 16-06-2023 16:10:44 [main] createSlide_page - Verification: Passed
[INFO ] 16-06-2023 16:22:11 [main] login_page - Enter username successful
[INFO ] 16-06-2023 16:22:12 [main] login_page - Enter password successful
[INFO ] 16-06-2023 16:22:17 [main] login_page - Click button login successful
[INFO ] 16-06-2023 16:22:17 [main] login_page - actualURL: https://dstest.vibe.fyi/portal/slide-editor
[INFO ] 16-06-2023 16:22:17 [main] login_page - expectedURL: https://dstest.vibe.fyi/portal/slide-editor
[INFO ] 16-06-2023 16:22:17 [main] login_page - Verify Success
[INFO ] 16-06-2023 16:22:24 [main] createSlide_page - Wait For Loading Page Successful
[INFO ] 16-06-2023 16:22:24 [main] createSlide_page - Click button create Slide Successful
[INFO ] 16-06-2023 16:22:25 [main] createSlide_page - Enter Title Slide Successful
[INFO ] 16-06-2023 16:22:26 [main] createSlide_page - Select this template Successful
[INFO ] 16-06-2023 16:22:26 [main] createSlide_page - Enter title Slide Successful
[INFO ] 16-06-2023 16:22:26 [main] createSlide_page - Click button Create Slide Successful
[INFO ] 16-06-2023 16:22:27 [main] createSlide_page - Verify Create Slide Successful
[INFO ] 16-06-2023 16:22:44 [main] createSlide_page - Click button of successful item
[INFO ] 16-06-2023 16:22:44 [main] createSlide_page - Drag image of successful item
[INFO ] 16-06-2023 16:22:44 [main] createSlide_page - Add image of successful item
[INFO ] 16-06-2023 16:22:44 [main] createSlide_page - Update Item Successful
[INFO ] 16-06-2023 16:22:44 [main] createSlide_page - Add title of successful item: Anh Item Title 1
[INFO ] 16-06-2023 16:22:44 [main] createSlide_page - Add summary of successful item Anh Item Summary 1
[INFO ] 16-06-2023 16:22:45 [main] createSlide_page - Save Item Successful
[INFO ] 16-06-2023 16:23:01 [main] createSlide_page - Click button of successful item
[INFO ] 16-06-2023 16:23:01 [main] createSlide_page - Drag image of successful item
[INFO ] 16-06-2023 16:23:01 [main] createSlide_page - Add image of successful item
[INFO ] 16-06-2023 16:23:01 [main] createSlide_page - Update Item Successful
[INFO ] 16-06-2023 16:23:01 [main] createSlide_page - Add title of successful item: Anh Item Title 2
[INFO ] 16-06-2023 16:23:01 [main] createSlide_page - Add summary of successful item Anh Item Summary 2
[INFO ] 16-06-2023 16:23:01 [main] createSlide_page - Save Item Successful
[INFO ] 16-06-2023 16:23:17 [main] createSlide_page - Title item1 is: Anh Item Title 1
[INFO ] 16-06-2023 16:23:17 [main] createSlide_page - Title preview item1 is: Anh Item Title 1
[INFO ] 16-06-2023 16:23:17 [main] createSlide_page - Title preview item2 is: Anh Item Title 1
[INFO ] 16-06-2023 16:23:17 [main] createSlide_page - Verification: Passed
[INFO ] 16-06-2023 16:27:17 [main] login_page - Enter username successful
[INFO ] 16-06-2023 16:27:17 [main] login_page - Enter password successful
[INFO ] 16-06-2023 16:27:24 [main] login_page - Click button login successful
[INFO ] 16-06-2023 16:27:24 [main] login_page - actualURL: https://dstest.vibe.fyi/portal/slide-editor
[INFO ] 16-06-2023 16:27:24 [main] login_page - expectedURL: https://dstest.vibe.fyi/portal/slide-editor
[INFO ] 16-06-2023 16:27:24 [main] login_page - Verify Success
[INFO ] 16-06-2023 16:27:31 [main] createSlide_page - Wait For Loading Page Successful
[INFO ] 16-06-2023 16:27:31 [main] createSlide_page - Click button create Slide Successful
[INFO ] 16-06-2023 16:27:31 [main] createSlide_page - Enter Title Slide Successful
[INFO ] 16-06-2023 16:27:32 [main] createSlide_page - Select this template Successful
[INFO ] 16-06-2023 16:27:32 [main] createSlide_page - Enter title Slide Successful
[INFO ] 16-06-2023 16:27:32 [main] createSlide_page - Click button Create Slide Successful
[INFO ] 16-06-2023 16:27:35 [main] createSlide_page - Verify Create Slide Successful
[INFO ] 16-06-2023 16:27:51 [main] createSlide_page - Click button of successful item
[INFO ] 16-06-2023 16:27:51 [main] createSlide_page - Drag image of successful item
[INFO ] 16-06-2023 16:27:51 [main] createSlide_page - Add image of successful item
[INFO ] 16-06-2023 16:27:52 [main] createSlide_page - Update Item Successful
[INFO ] 16-06-2023 16:27:52 [main] createSlide_page - Add title of successful item: Anh Item Title 1
[INFO ] 16-06-2023 16:27:52 [main] createSlide_page - Add summary of successful item Anh Item Summary 1
[INFO ] 16-06-2023 16:27:52 [main] createSlide_page - Save Item Successful
[INFO ] 16-06-2023 16:28:08 [main] createSlide_page - Click button of successful item
[INFO ] 16-06-2023 16:28:08 [main] createSlide_page - Drag image of successful item
[INFO ] 16-06-2023 16:28:08 [main] createSlide_page - Add image of successful item
[INFO ] 16-06-2023 16:28:09 [main] createSlide_page - Update Item Successful
[INFO ] 16-06-2023 16:28:09 [main] createSlide_page - Add title of successful item: Anh Item Title 2
[INFO ] 16-06-2023 16:28:09 [main] createSlide_page - Add summary of successful item Anh Item Summary 2
[INFO ] 16-06-2023 16:28:09 [main] createSlide_page - Save Item Successful
[INFO ] 16-06-2023 16:28:24 [main] createSlide_page - Title item1 is: Anh Item Title 1
[INFO ] 16-06-2023 16:28:24 [main] createSlide_page - Title preview item1 is: Anh Item Title 1
[INFO ] 16-06-2023 16:28:24 [main] createSlide_page - Title preview item2 is: Anh Item Title 1
[INFO ] 16-06-2023 16:28:24 [main] createSlide_page - Verification: Passed
[INFO ] 16-06-2023 16:41:14 [main] login_page - Enter username successful
[INFO ] 16-06-2023 16:41:14 [main] login_page - Enter password successful
[INFO ] 16-06-2023 16:41:20 [main] login_page - Click button login successful
[INFO ] 16-06-2023 16:41:20 [main] login_page - actualURL: https://dstest.vibe.fyi/portal/slide-editor
[INFO ] 16-06-2023 16:41:20 [main] login_page - expectedURL: https://dstest.vibe.fyi/portal/slide-editor
[INFO ] 16-06-2023 16:41:20 [main] login_page - Verify Success
[INFO ] 16-06-2023 16:41:27 [main] createSlide_page - Wait For Loading Page Successful
[INFO ] 16-06-2023 16:41:27 [main] createSlide_page - Click button create Slide Successful
[INFO ] 16-06-2023 16:41:27 [main] createSlide_page - Enter Title Slide Successful
[INFO ] 16-06-2023 16:41:28 [main] createSlide_page - Select this template Successful
[INFO ] 16-06-2023 16:41:29 [main] createSlide_page - Enter title Slide Successful
[INFO ] 16-06-2023 16:41:29 [main] createSlide_page - Click button Create Slide Successful
[INFO ] 16-06-2023 16:41:35 [main] createSlide_page - Verify Create Slide Successful
[INFO ] 16-06-2023 16:41:51 [main] createSlide_page - Click button of successful item
[INFO ] 16-06-2023 16:41:51 [main] createSlide_page - Drag image of successful item
[INFO ] 16-06-2023 16:41:51 [main] createSlide_page - Add image of successful item
[INFO ] 16-06-2023 16:41:51 [main] createSlide_page - Update Item Successful
[INFO ] 16-06-2023 16:41:51 [main] createSlide_page - Add title of successful item: Anh Item Title 1
[INFO ] 16-06-2023 16:41:52 [main] createSlide_page - Add summary of successful item Anh Item Summary 1
[INFO ] 16-06-2023 16:41:52 [main] createSlide_page - Save Item Successful
[INFO ] 16-06-2023 16:42:08 [main] createSlide_page - Click button of successful item
[INFO ] 16-06-2023 16:42:08 [main] createSlide_page - Drag image of successful item
[INFO ] 16-06-2023 16:42:08 [main] createSlide_page - Add image of successful item
[INFO ] 16-06-2023 16:42:08 [main] createSlide_page - Update Item Successful
[INFO ] 16-06-2023 16:42:08 [main] createSlide_page - Add title of successful item: Anh Item Title 2
[INFO ] 16-06-2023 16:42:08 [main] createSlide_page - Add summary of successful item Anh Item Summary 2
[INFO ] 16-06-2023 16:42:09 [main] createSlide_page - Save Item Successful
[INFO ] 16-06-2023 16:42:24 [main] createSlide_page - Title item1 is: Anh Item Title 1
[INFO ] 16-06-2023 16:42:24 [main] createSlide_page - Title preview item1 is: Anh Item Title 1
[INFO ] 16-06-2023 16:42:24 [main] createSlide_page - Title preview item2 is: Anh Item Title 1
[INFO ] 16-06-2023 16:42:24 [main] createSlide_page - Verification: Passed
[INFO ] 16-06-2023 16:44:00 [main] login_page - Enter username successful
[INFO ] 16-06-2023 16:44:00 [main] login_page - Enter password successful
[INFO ] 16-06-2023 16:44:05 [main] login_page - Click button login successful
[INFO ] 16-06-2023 16:44:05 [main] login_page - actualURL: https://dstest.vibe.fyi/portal/slide-editor
[INFO ] 16-06-2023 16:44:05 [main] login_page - expectedURL: https://dstest.vibe.fyi/portal/slide-editor
[INFO ] 16-06-2023 16:44:05 [main] login_page - Verify Success
[INFO ] 16-06-2023 16:44:12 [main] createSlide_page - Wait For Loading Page Successful
[INFO ] 16-06-2023 16:44:13 [main] createSlide_page - Click button create Slide Successful
[INFO ] 16-06-2023 16:44:13 [main] createSlide_page - Enter Title Slide Successful
[INFO ] 16-06-2023 16:44:14 [main] createSlide_page - Select this template Successful
[INFO ] 16-06-2023 16:44:14 [main] createSlide_page - Enter title Slide Successful
[INFO ] 16-06-2023 16:44:14 [main] createSlide_page - Click button Create Slide Successful
[INFO ] 16-06-2023 16:44:16 [main] createSlide_page - Verify Create Slide Successful
[INFO ] 16-06-2023 16:44:32 [main] createSlide_page - Click button of successful item
[INFO ] 16-06-2023 16:44:32 [main] createSlide_page - Drag image of successful item
[INFO ] 16-06-2023 16:44:32 [main] createSlide_page - Add image of successful item
[INFO ] 16-06-2023 16:44:32 [main] createSlide_page - Update Item Successful
[INFO ] 16-06-2023 16:44:33 [main] createSlide_page - Add title of successful item: Anh Item Title 1
[INFO ] 16-06-2023 16:44:33 [main] createSlide_page - Add summary of successful item Anh Item Summary 1
[INFO ] 16-06-2023 16:44:33 [main] createSlide_page - Save Item Successful
[INFO ] 16-06-2023 16:44:49 [main] createSlide_page - Click button of successful item
[INFO ] 16-06-2023 16:44:49 [main] createSlide_page - Drag image of successful item
[INFO ] 16-06-2023 16:44:49 [main] createSlide_page - Add image of successful item
[INFO ] 16-06-2023 16:44:49 [main] createSlide_page - Update Item Successful
[INFO ] 16-06-2023 16:44:50 [main] createSlide_page - Add title of successful item: Anh Item Title 2
[INFO ] 16-06-2023 16:44:50 [main] createSlide_page - Add summary of successful item Anh Item Summary 2
[INFO ] 16-06-2023 16:44:50 [main] createSlide_page - Save Item Successful
[INFO ] 16-06-2023 16:45:05 [main] createSlide_page - Title item1 is: Anh Item Title 1
[INFO ] 16-06-2023 16:45:05 [main] createSlide_page - Title preview item1 is: Anh Item Title 1
[INFO ] 16-06-2023 16:45:05 [main] createSlide_page - Title preview item2 is: Anh Item Title 1
[INFO ] 16-06-2023 16:45:05 [main] createSlide_page - Verification: Passed
[INFO ] 16-06-2023 16:45:24 [main] createSlide_page - Title item2 is: Anh Item Title 2
[INFO ] 16-06-2023 16:45:24 [main] createSlide_page - Title preview item1 is: 
[INFO ] 16-06-2023 16:45:24 [main] createSlide_page - Title preview item2 is: Anh Item Title 2
[INFO ] 16-06-2023 16:45:24 [main] createSlide_page - Verification: Passed
[INFO ] 16-06-2023 16:56:11 [main] login_page - Enter username successful
[INFO ] 16-06-2023 16:56:11 [main] login_page - Enter password successful
[INFO ] 16-06-2023 16:56:16 [main] login_page - Click button login successful
[INFO ] 16-06-2023 16:56:16 [main] login_page - actualURL: https://dstest.vibe.fyi/portal/slide-editor
[INFO ] 16-06-2023 16:56:16 [main] login_page - expectedURL: https://dstest.vibe.fyi/portal/slide-editor
[INFO ] 16-06-2023 16:56:16 [main] login_page - Verify Success
[INFO ] 16-06-2023 16:56:23 [main] createSlide_page - Wait For Loading Page Successful
[INFO ] 16-06-2023 16:56:23 [main] createSlide_page - Click button create Slide Successful
[INFO ] 16-06-2023 16:56:23 [main] createSlide_page - Enter Title Slide Successful
[INFO ] 16-06-2023 16:56:24 [main] createSlide_page - Select this template Successful
[INFO ] 16-06-2023 16:56:25 [main] createSlide_page - Enter title Slide Successful
[INFO ] 16-06-2023 16:56:25 [main] createSlide_page - Click button Create Slide Successful
[INFO ] 16-06-2023 16:56:27 [main] createSlide_page - Verify Create Slide Successful
[INFO ] 16-06-2023 16:56:43 [main] createSlide_page - Click button of successful item
[INFO ] 16-06-2023 16:56:43 [main] createSlide_page - Drag image of successful item
[INFO ] 16-06-2023 17:01:50 [main] login_page - Enter username successful
[INFO ] 16-06-2023 17:01:50 [main] login_page - Enter password successful
[INFO ] 16-06-2023 17:01:56 [main] login_page - Click button login successful
[INFO ] 16-06-2023 17:01:56 [main] login_page - actualURL: https://dstest.vibe.fyi/portal/slide-editor
[INFO ] 16-06-2023 17:01:56 [main] login_page - expectedURL: https://dstest.vibe.fyi/portal/slide-editor
[INFO ] 16-06-2023 17:01:56 [main] login_page - Verify Success
[INFO ] 16-06-2023 17:02:03 [main] createSlide_page - Wait For Loading Page Successful
[INFO ] 16-06-2023 17:02:03 [main] createSlide_page - Click button create Slide Successful
[INFO ] 16-06-2023 17:02:03 [main] createSlide_page - Enter Title Slide Successful
[INFO ] 16-06-2023 17:02:04 [main] createSlide_page - Select this template Successful
[INFO ] 16-06-2023 17:02:05 [main] createSlide_page - Enter title Slide Successful
[INFO ] 16-06-2023 17:02:05 [main] createSlide_page - Click button Create Slide Successful
[INFO ] 16-06-2023 17:02:08 [main] createSlide_page - Verify Create Slide Successful
[INFO ] 16-06-2023 17:02:24 [main] createSlide_page - Click button of successful item
[INFO ] 16-06-2023 17:02:24 [main] createSlide_page - Drag image of successful item
[INFO ] 16-06-2023 17:07:28 [main] login_page - Enter username successful
[INFO ] 16-06-2023 17:07:28 [main] login_page - Enter password successful
[INFO ] 16-06-2023 17:07:33 [main] login_page - Click button login successful
[INFO ] 16-06-2023 17:07:33 [main] login_page - actualURL: https://dstest.vibe.fyi/portal/slide-editor
[INFO ] 16-06-2023 17:07:33 [main] login_page - expectedURL: https://dstest.vibe.fyi/portal/slide-editor
[INFO ] 16-06-2023 17:07:33 [main] login_page - Verify Success
[INFO ] 16-06-2023 17:07:40 [main] createSlide_page - Wait For Loading Page Successful
[INFO ] 16-06-2023 17:07:41 [main] createSlide_page - Click button create Slide Successful
[INFO ] 16-06-2023 17:07:41 [main] createSlide_page - Enter Title Slide Successful
[INFO ] 16-06-2023 17:07:42 [main] createSlide_page - Select this template Successful
[INFO ] 16-06-2023 17:07:42 [main] createSlide_page - Enter title Slide Successful
[INFO ] 16-06-2023 17:07:42 [main] createSlide_page - Click button Create Slide Successful
[INFO ] 16-06-2023 17:07:44 [main] createSlide_page - Verify Create Slide Successful
[INFO ] 16-06-2023 17:08:00 [main] createSlide_page - Click button of successful item
[INFO ] 16-06-2023 17:08:00 [main] createSlide_page - Drag image of successful item
[INFO ] 16-06-2023 17:08:00 [main] createSlide_page - Add image of successful item
[INFO ] 16-06-2023 17:08:01 [main] createSlide_page - Update Item Successful
[INFO ] 16-06-2023 17:08:01 [main] createSlide_page - Add title of successful item: Anh Item Title 1
[INFO ] 16-06-2023 17:08:01 [main] createSlide_page - Add summary of successful item Anh Item Summary 1
[INFO ] 16-06-2023 17:08:01 [main] createSlide_page - Save Item Successful
[INFO ] 16-06-2023 17:08:17 [main] createSlide_page - Click button of successful item
[INFO ] 16-06-2023 17:08:17 [main] createSlide_page - Drag image of successful item
[INFO ] 16-06-2023 17:08:17 [main] createSlide_page - Add image of successful item
[INFO ] 16-06-2023 17:08:17 [main] createSlide_page - Update Item Successful
[INFO ] 16-06-2023 17:08:18 [main] createSlide_page - Add title of successful item: Anh Item Title 2
[INFO ] 16-06-2023 17:08:18 [main] createSlide_page - Add summary of successful item Anh Item Summary 2
[INFO ] 16-06-2023 17:08:18 [main] createSlide_page - Save Item Successful
[INFO ] 16-06-2023 17:08:33 [main] createSlide_page - Title item1 is: Anh Item Title 1
[INFO ] 16-06-2023 17:08:33 [main] createSlide_page - Title preview item1 is: Anh Item Title 1
[INFO ] 16-06-2023 17:08:33 [main] createSlide_page - Title preview item2 is: Anh Item Title 1
[INFO ] 16-06-2023 17:08:33 [main] createSlide_page - Verification: Passed
[INFO ] 16-06-2023 17:08:51 [main] createSlide_page - Title item2 is: Anh Item Title 2
[INFO ] 16-06-2023 17:08:51 [main] createSlide_page - Title preview item1 is: 
[INFO ] 16-06-2023 17:08:51 [main] createSlide_page - Title preview item2 is: Anh Item Title 2
[INFO ] 16-06-2023 17:08:51 [main] createSlide_page - Verification: Passed
